<?xml version="1.0" encoding="UTF-8"?>
<!-- Generated by org.testng.reporters.JUnitReportReporter -->
<testsuite hostname="DESKTOP-RKENGEM" failures="0" tests="1" name="testRunnerSingaporeAir.TestRunnerSingaporeAir" time="17.790" errors="0" timestamp="2023-12-26T13:31:29 EST" skipped="0">
  <testcase classname="testRunnerSingaporeAir.TestRunnerSingaporeAir" name="runScenario" time="17.790"/>
</testsuite> <!-- testRunnerSingaporeAir.TestRunnerSingaporeAir -->
